<?xml version="1.0" encoding="UTF-8"?>
<!-- Generated by org.testng.reporters.JUnitReportReporter -->
<testsuite hostname="inlen8520015750" failures="0" tests="1" name="Testcases.TC_04_WithdrawLessthanBalanceTest" time="8.509" errors="0" timestamp="2024-04-05T10:35:36 IST" skipped="0">
  <testcase classname="Testcases.TC_04_WithdrawLessthanBalanceTest" name="Withdraw_Higherthan_Balance" time="8.509"/>
  <system-out/>
</testsuite> <!-- Testcases.TC_04_WithdrawLessthanBalanceTest -->
