<?xml version="1.0" encoding="UTF-8"?>
<!-- Generated by org.testng.reporters.JUnitReportReporter -->
<testsuite hostname="inlen8520015750" failures="0" tests="1" name="Testcases.Customer_DepositTest" time="6.509" errors="0" timestamp="2024-01-22T15:41:21 IST" skipped="0">
  <testcase classname="Testcases.Customer_DepositTest" name="Customer_Deposit" time="6.509"/>
  <system-out/>
</testsuite> <!-- Testcases.Customer_DepositTest -->
