<?xml version="1.0" encoding="UTF-8"?>
<!-- Generated by org.testng.reporters.JUnitReportReporter -->
<testsuite hostname="inlen8520015750" failures="0" tests="1" name="Testcases.WithdrawLessthanBalanceTest" time="8.110" errors="0" timestamp="2024-01-23T10:23:27 IST" skipped="0">
  <testcase classname="Testcases.WithdrawLessthanBalanceTest" name="Withdraw_Higherthan_Balance" time="8.110"/>
  <system-out/>
</testsuite> <!-- Testcases.WithdrawLessthanBalanceTest -->
